[2025-08-15T04:02:38.628+0000] {processor.py:154} INFO - Started process (PID=50) to work on /opt/airflow/dags/Weather_Pipeline.py
[2025-08-15T04:02:38.629+0000] {processor.py:756} INFO - Processing file /opt/airflow/dags/Weather_Pipeline.py for tasks to queue
[2025-08-15T04:02:38.631+0000] {logging_mixin.py:120} INFO - [2025-08-15T04:02:38.631+0000] {dagbag.py:537} INFO - Filling up the DagBag from /opt/airflow/dags/Weather_Pipeline.py
[2025-08-15T04:02:42.332+0000] {logging_mixin.py:120} INFO - [2025-08-15T04:02:42.318+0000] {dagbag.py:342} ERROR - Failed to import: /opt/airflow/dags/Weather_Pipeline.py
Traceback (most recent call last):
  File "/home/airflow/.local/lib/python3.7/site-packages/airflow/models/dagbag.py", line 338, in parse
    loader.exec_module(new_module)
  File "<frozen importlib._bootstrap_external>", line 728, in exec_module
  File "<frozen importlib._bootstrap>", line 219, in _call_with_frames_removed
  File "/opt/airflow/dags/Weather_Pipeline.py", line 13, in <module>
    from dotenv import load_dotenv
ModuleNotFoundError: No module named 'dotenv'
[2025-08-15T04:02:42.335+0000] {processor.py:768} WARNING - No viable dags retrieved from /opt/airflow/dags/Weather_Pipeline.py
[2025-08-15T04:02:42.458+0000] {processor.py:176} INFO - Processing /opt/airflow/dags/Weather_Pipeline.py took 3.835 seconds
[2025-08-15T04:03:12.773+0000] {processor.py:154} INFO - Started process (PID=71) to work on /opt/airflow/dags/Weather_Pipeline.py
[2025-08-15T04:03:12.776+0000] {processor.py:756} INFO - Processing file /opt/airflow/dags/Weather_Pipeline.py for tasks to queue
[2025-08-15T04:03:12.780+0000] {logging_mixin.py:120} INFO - [2025-08-15T04:03:12.779+0000] {dagbag.py:537} INFO - Filling up the DagBag from /opt/airflow/dags/Weather_Pipeline.py
[2025-08-15T04:03:14.915+0000] {logging_mixin.py:120} INFO - [2025-08-15T04:03:14.911+0000] {dagbag.py:342} ERROR - Failed to import: /opt/airflow/dags/Weather_Pipeline.py
Traceback (most recent call last):
  File "/home/airflow/.local/lib/python3.7/site-packages/airflow/models/dagbag.py", line 338, in parse
    loader.exec_module(new_module)
  File "<frozen importlib._bootstrap_external>", line 728, in exec_module
  File "<frozen importlib._bootstrap>", line 219, in _call_with_frames_removed
  File "/opt/airflow/dags/Weather_Pipeline.py", line 13, in <module>
    from dotenv import load_dotenv
ModuleNotFoundError: No module named 'dotenv'
[2025-08-15T04:03:14.916+0000] {processor.py:768} WARNING - No viable dags retrieved from /opt/airflow/dags/Weather_Pipeline.py
[2025-08-15T04:03:14.934+0000] {processor.py:176} INFO - Processing /opt/airflow/dags/Weather_Pipeline.py took 2.179 seconds
[2025-08-15T04:03:45.097+0000] {processor.py:154} INFO - Started process (PID=100) to work on /opt/airflow/dags/Weather_Pipeline.py
[2025-08-15T04:03:45.098+0000] {processor.py:756} INFO - Processing file /opt/airflow/dags/Weather_Pipeline.py for tasks to queue
[2025-08-15T04:03:45.099+0000] {logging_mixin.py:120} INFO - [2025-08-15T04:03:45.099+0000] {dagbag.py:537} INFO - Filling up the DagBag from /opt/airflow/dags/Weather_Pipeline.py
[2025-08-15T04:03:45.617+0000] {logging_mixin.py:120} INFO - [2025-08-15T04:03:45.613+0000] {dagbag.py:342} ERROR - Failed to import: /opt/airflow/dags/Weather_Pipeline.py
Traceback (most recent call last):
  File "/home/airflow/.local/lib/python3.7/site-packages/airflow/models/dagbag.py", line 338, in parse
    loader.exec_module(new_module)
  File "<frozen importlib._bootstrap_external>", line 728, in exec_module
  File "<frozen importlib._bootstrap>", line 219, in _call_with_frames_removed
  File "/opt/airflow/dags/Weather_Pipeline.py", line 13, in <module>
    from dotenv import load_dotenv
ModuleNotFoundError: No module named 'dotenv'
[2025-08-15T04:03:45.618+0000] {processor.py:768} WARNING - No viable dags retrieved from /opt/airflow/dags/Weather_Pipeline.py
[2025-08-15T04:03:45.635+0000] {processor.py:176} INFO - Processing /opt/airflow/dags/Weather_Pipeline.py took 0.544 seconds
[2025-08-15T04:04:15.859+0000] {processor.py:154} INFO - Started process (PID=129) to work on /opt/airflow/dags/Weather_Pipeline.py
[2025-08-15T04:04:15.860+0000] {processor.py:756} INFO - Processing file /opt/airflow/dags/Weather_Pipeline.py for tasks to queue
[2025-08-15T04:04:15.860+0000] {logging_mixin.py:120} INFO - [2025-08-15T04:04:15.860+0000] {dagbag.py:537} INFO - Filling up the DagBag from /opt/airflow/dags/Weather_Pipeline.py
[2025-08-15T04:04:16.276+0000] {logging_mixin.py:120} INFO - [2025-08-15T04:04:16.272+0000] {dagbag.py:342} ERROR - Failed to import: /opt/airflow/dags/Weather_Pipeline.py
Traceback (most recent call last):
  File "/home/airflow/.local/lib/python3.7/site-packages/airflow/models/dagbag.py", line 338, in parse
    loader.exec_module(new_module)
  File "<frozen importlib._bootstrap_external>", line 728, in exec_module
  File "<frozen importlib._bootstrap>", line 219, in _call_with_frames_removed
  File "/opt/airflow/dags/Weather_Pipeline.py", line 13, in <module>
    from dotenv import load_dotenv
ModuleNotFoundError: No module named 'dotenv'
[2025-08-15T04:04:16.277+0000] {processor.py:768} WARNING - No viable dags retrieved from /opt/airflow/dags/Weather_Pipeline.py
[2025-08-15T04:04:16.291+0000] {processor.py:176} INFO - Processing /opt/airflow/dags/Weather_Pipeline.py took 0.435 seconds
[2025-08-15T04:04:46.483+0000] {processor.py:154} INFO - Started process (PID=158) to work on /opt/airflow/dags/Weather_Pipeline.py
[2025-08-15T04:04:46.484+0000] {processor.py:756} INFO - Processing file /opt/airflow/dags/Weather_Pipeline.py for tasks to queue
[2025-08-15T04:04:46.484+0000] {logging_mixin.py:120} INFO - [2025-08-15T04:04:46.484+0000] {dagbag.py:537} INFO - Filling up the DagBag from /opt/airflow/dags/Weather_Pipeline.py
[2025-08-15T04:04:46.883+0000] {logging_mixin.py:120} INFO - [2025-08-15T04:04:46.879+0000] {dagbag.py:342} ERROR - Failed to import: /opt/airflow/dags/Weather_Pipeline.py
Traceback (most recent call last):
  File "/home/airflow/.local/lib/python3.7/site-packages/airflow/models/dagbag.py", line 338, in parse
    loader.exec_module(new_module)
  File "<frozen importlib._bootstrap_external>", line 728, in exec_module
  File "<frozen importlib._bootstrap>", line 219, in _call_with_frames_removed
  File "/opt/airflow/dags/Weather_Pipeline.py", line 13, in <module>
    from dotenv import load_dotenv
ModuleNotFoundError: No module named 'dotenv'
[2025-08-15T04:04:46.884+0000] {processor.py:768} WARNING - No viable dags retrieved from /opt/airflow/dags/Weather_Pipeline.py
[2025-08-15T04:04:46.899+0000] {processor.py:176} INFO - Processing /opt/airflow/dags/Weather_Pipeline.py took 0.418 seconds
[2025-08-15T04:05:17.141+0000] {processor.py:154} INFO - Started process (PID=187) to work on /opt/airflow/dags/Weather_Pipeline.py
[2025-08-15T04:05:17.142+0000] {processor.py:756} INFO - Processing file /opt/airflow/dags/Weather_Pipeline.py for tasks to queue
[2025-08-15T04:05:17.142+0000] {logging_mixin.py:120} INFO - [2025-08-15T04:05:17.142+0000] {dagbag.py:537} INFO - Filling up the DagBag from /opt/airflow/dags/Weather_Pipeline.py
[2025-08-15T04:05:17.503+0000] {logging_mixin.py:120} INFO - [2025-08-15T04:05:17.500+0000] {dagbag.py:342} ERROR - Failed to import: /opt/airflow/dags/Weather_Pipeline.py
Traceback (most recent call last):
  File "/home/airflow/.local/lib/python3.7/site-packages/airflow/models/dagbag.py", line 338, in parse
    loader.exec_module(new_module)
  File "<frozen importlib._bootstrap_external>", line 728, in exec_module
  File "<frozen importlib._bootstrap>", line 219, in _call_with_frames_removed
  File "/opt/airflow/dags/Weather_Pipeline.py", line 13, in <module>
    from dotenv import load_dotenv
ModuleNotFoundError: No module named 'dotenv'
[2025-08-15T04:05:17.504+0000] {processor.py:768} WARNING - No viable dags retrieved from /opt/airflow/dags/Weather_Pipeline.py
[2025-08-15T04:05:17.520+0000] {processor.py:176} INFO - Processing /opt/airflow/dags/Weather_Pipeline.py took 0.381 seconds
[2025-08-15T04:05:47.755+0000] {processor.py:154} INFO - Started process (PID=208) to work on /opt/airflow/dags/Weather_Pipeline.py
[2025-08-15T04:05:47.757+0000] {processor.py:756} INFO - Processing file /opt/airflow/dags/Weather_Pipeline.py for tasks to queue
[2025-08-15T04:05:47.759+0000] {logging_mixin.py:120} INFO - [2025-08-15T04:05:47.758+0000] {dagbag.py:537} INFO - Filling up the DagBag from /opt/airflow/dags/Weather_Pipeline.py
[2025-08-15T04:05:48.580+0000] {logging_mixin.py:120} INFO - [2025-08-15T04:05:48.575+0000] {dagbag.py:342} ERROR - Failed to import: /opt/airflow/dags/Weather_Pipeline.py
Traceback (most recent call last):
  File "/home/airflow/.local/lib/python3.7/site-packages/airflow/models/dagbag.py", line 338, in parse
    loader.exec_module(new_module)
  File "<frozen importlib._bootstrap_external>", line 728, in exec_module
  File "<frozen importlib._bootstrap>", line 219, in _call_with_frames_removed
  File "/opt/airflow/dags/Weather_Pipeline.py", line 13, in <module>
    from dotenv import load_dotenv
ModuleNotFoundError: No module named 'dotenv'
[2025-08-15T04:05:48.581+0000] {processor.py:768} WARNING - No viable dags retrieved from /opt/airflow/dags/Weather_Pipeline.py
[2025-08-15T04:05:48.610+0000] {processor.py:176} INFO - Processing /opt/airflow/dags/Weather_Pipeline.py took 0.858 seconds
[2025-08-15T04:06:18.827+0000] {processor.py:154} INFO - Started process (PID=237) to work on /opt/airflow/dags/Weather_Pipeline.py
[2025-08-15T04:06:18.829+0000] {processor.py:756} INFO - Processing file /opt/airflow/dags/Weather_Pipeline.py for tasks to queue
[2025-08-15T04:06:18.830+0000] {logging_mixin.py:120} INFO - [2025-08-15T04:06:18.830+0000] {dagbag.py:537} INFO - Filling up the DagBag from /opt/airflow/dags/Weather_Pipeline.py
[2025-08-15T04:06:19.863+0000] {logging_mixin.py:120} INFO - [2025-08-15T04:06:19.858+0000] {dagbag.py:342} ERROR - Failed to import: /opt/airflow/dags/Weather_Pipeline.py
Traceback (most recent call last):
  File "/home/airflow/.local/lib/python3.7/site-packages/airflow/models/dagbag.py", line 338, in parse
    loader.exec_module(new_module)
  File "<frozen importlib._bootstrap_external>", line 728, in exec_module
  File "<frozen importlib._bootstrap>", line 219, in _call_with_frames_removed
  File "/opt/airflow/dags/Weather_Pipeline.py", line 13, in <module>
    from dotenv import load_dotenv
ModuleNotFoundError: No module named 'dotenv'
[2025-08-15T04:06:19.864+0000] {processor.py:768} WARNING - No viable dags retrieved from /opt/airflow/dags/Weather_Pipeline.py
[2025-08-15T04:06:19.883+0000] {processor.py:176} INFO - Processing /opt/airflow/dags/Weather_Pipeline.py took 1.064 seconds
[2025-08-15T04:06:50.008+0000] {processor.py:154} INFO - Started process (PID=266) to work on /opt/airflow/dags/Weather_Pipeline.py
[2025-08-15T04:06:50.009+0000] {processor.py:756} INFO - Processing file /opt/airflow/dags/Weather_Pipeline.py for tasks to queue
[2025-08-15T04:06:50.010+0000] {logging_mixin.py:120} INFO - [2025-08-15T04:06:50.010+0000] {dagbag.py:537} INFO - Filling up the DagBag from /opt/airflow/dags/Weather_Pipeline.py
[2025-08-15T04:06:50.649+0000] {logging_mixin.py:120} INFO - [2025-08-15T04:06:50.632+0000] {dagbag.py:342} ERROR - Failed to import: /opt/airflow/dags/Weather_Pipeline.py
Traceback (most recent call last):
  File "/home/airflow/.local/lib/python3.7/site-packages/airflow/models/dagbag.py", line 338, in parse
    loader.exec_module(new_module)
  File "<frozen importlib._bootstrap_external>", line 728, in exec_module
  File "<frozen importlib._bootstrap>", line 219, in _call_with_frames_removed
  File "/opt/airflow/dags/Weather_Pipeline.py", line 13, in <module>
    from dotenv import load_dotenv
ModuleNotFoundError: No module named 'dotenv'
[2025-08-15T04:06:50.651+0000] {processor.py:768} WARNING - No viable dags retrieved from /opt/airflow/dags/Weather_Pipeline.py
[2025-08-15T04:06:50.929+0000] {processor.py:176} INFO - Processing /opt/airflow/dags/Weather_Pipeline.py took 0.925 seconds
[2025-08-15T04:07:21.148+0000] {processor.py:154} INFO - Started process (PID=295) to work on /opt/airflow/dags/Weather_Pipeline.py
[2025-08-15T04:07:21.149+0000] {processor.py:756} INFO - Processing file /opt/airflow/dags/Weather_Pipeline.py for tasks to queue
[2025-08-15T04:07:21.150+0000] {logging_mixin.py:120} INFO - [2025-08-15T04:07:21.150+0000] {dagbag.py:537} INFO - Filling up the DagBag from /opt/airflow/dags/Weather_Pipeline.py
[2025-08-15T04:07:21.805+0000] {logging_mixin.py:120} INFO - [2025-08-15T04:07:21.800+0000] {dagbag.py:342} ERROR - Failed to import: /opt/airflow/dags/Weather_Pipeline.py
Traceback (most recent call last):
  File "/home/airflow/.local/lib/python3.7/site-packages/airflow/models/dagbag.py", line 338, in parse
    loader.exec_module(new_module)
  File "<frozen importlib._bootstrap_external>", line 728, in exec_module
  File "<frozen importlib._bootstrap>", line 219, in _call_with_frames_removed
  File "/opt/airflow/dags/Weather_Pipeline.py", line 13, in <module>
    from dotenv import load_dotenv
ModuleNotFoundError: No module named 'dotenv'
[2025-08-15T04:07:21.805+0000] {processor.py:768} WARNING - No viable dags retrieved from /opt/airflow/dags/Weather_Pipeline.py
[2025-08-15T04:07:21.819+0000] {processor.py:176} INFO - Processing /opt/airflow/dags/Weather_Pipeline.py took 0.680 seconds
[2025-08-15T04:07:52.041+0000] {processor.py:154} INFO - Started process (PID=315) to work on /opt/airflow/dags/Weather_Pipeline.py
[2025-08-15T04:07:52.045+0000] {processor.py:756} INFO - Processing file /opt/airflow/dags/Weather_Pipeline.py for tasks to queue
[2025-08-15T04:07:52.047+0000] {logging_mixin.py:120} INFO - [2025-08-15T04:07:52.046+0000] {dagbag.py:537} INFO - Filling up the DagBag from /opt/airflow/dags/Weather_Pipeline.py
[2025-08-15T04:07:52.611+0000] {logging_mixin.py:120} INFO - [2025-08-15T04:07:52.606+0000] {dagbag.py:342} ERROR - Failed to import: /opt/airflow/dags/Weather_Pipeline.py
Traceback (most recent call last):
  File "/home/airflow/.local/lib/python3.7/site-packages/airflow/models/dagbag.py", line 338, in parse
    loader.exec_module(new_module)
  File "<frozen importlib._bootstrap_external>", line 728, in exec_module
  File "<frozen importlib._bootstrap>", line 219, in _call_with_frames_removed
  File "/opt/airflow/dags/Weather_Pipeline.py", line 13, in <module>
    from dotenv import load_dotenv
ModuleNotFoundError: No module named 'dotenv'
[2025-08-15T04:07:52.612+0000] {processor.py:768} WARNING - No viable dags retrieved from /opt/airflow/dags/Weather_Pipeline.py
[2025-08-15T04:07:52.631+0000] {processor.py:176} INFO - Processing /opt/airflow/dags/Weather_Pipeline.py took 0.596 seconds
[2025-08-15T04:08:22.836+0000] {processor.py:154} INFO - Started process (PID=344) to work on /opt/airflow/dags/Weather_Pipeline.py
[2025-08-15T04:08:22.845+0000] {processor.py:756} INFO - Processing file /opt/airflow/dags/Weather_Pipeline.py for tasks to queue
[2025-08-15T04:08:22.854+0000] {logging_mixin.py:120} INFO - [2025-08-15T04:08:22.854+0000] {dagbag.py:537} INFO - Filling up the DagBag from /opt/airflow/dags/Weather_Pipeline.py
[2025-08-15T04:08:23.791+0000] {logging_mixin.py:120} INFO - [2025-08-15T04:08:23.787+0000] {dagbag.py:342} ERROR - Failed to import: /opt/airflow/dags/Weather_Pipeline.py
Traceback (most recent call last):
  File "/home/airflow/.local/lib/python3.7/site-packages/airflow/models/dagbag.py", line 338, in parse
    loader.exec_module(new_module)
  File "<frozen importlib._bootstrap_external>", line 728, in exec_module
  File "<frozen importlib._bootstrap>", line 219, in _call_with_frames_removed
  File "/opt/airflow/dags/Weather_Pipeline.py", line 13, in <module>
    from dotenv import load_dotenv
ModuleNotFoundError: No module named 'dotenv'
[2025-08-15T04:08:23.792+0000] {processor.py:768} WARNING - No viable dags retrieved from /opt/airflow/dags/Weather_Pipeline.py
[2025-08-15T04:08:23.808+0000] {processor.py:176} INFO - Processing /opt/airflow/dags/Weather_Pipeline.py took 0.977 seconds
[2025-08-15T04:08:54.029+0000] {processor.py:154} INFO - Started process (PID=373) to work on /opt/airflow/dags/Weather_Pipeline.py
[2025-08-15T04:08:54.030+0000] {processor.py:756} INFO - Processing file /opt/airflow/dags/Weather_Pipeline.py for tasks to queue
[2025-08-15T04:08:54.033+0000] {logging_mixin.py:120} INFO - [2025-08-15T04:08:54.032+0000] {dagbag.py:537} INFO - Filling up the DagBag from /opt/airflow/dags/Weather_Pipeline.py
[2025-08-15T04:08:55.305+0000] {logging_mixin.py:120} INFO - [2025-08-15T04:08:55.301+0000] {dagbag.py:342} ERROR - Failed to import: /opt/airflow/dags/Weather_Pipeline.py
Traceback (most recent call last):
  File "/home/airflow/.local/lib/python3.7/site-packages/airflow/models/dagbag.py", line 338, in parse
    loader.exec_module(new_module)
  File "<frozen importlib._bootstrap_external>", line 728, in exec_module
  File "<frozen importlib._bootstrap>", line 219, in _call_with_frames_removed
  File "/opt/airflow/dags/Weather_Pipeline.py", line 13, in <module>
    from dotenv import load_dotenv
ModuleNotFoundError: No module named 'dotenv'
[2025-08-15T04:08:55.306+0000] {processor.py:768} WARNING - No viable dags retrieved from /opt/airflow/dags/Weather_Pipeline.py
[2025-08-15T04:08:55.344+0000] {processor.py:176} INFO - Processing /opt/airflow/dags/Weather_Pipeline.py took 1.319 seconds
[2025-08-15T04:09:25.568+0000] {processor.py:154} INFO - Started process (PID=402) to work on /opt/airflow/dags/Weather_Pipeline.py
[2025-08-15T04:09:25.569+0000] {processor.py:756} INFO - Processing file /opt/airflow/dags/Weather_Pipeline.py for tasks to queue
[2025-08-15T04:09:25.571+0000] {logging_mixin.py:120} INFO - [2025-08-15T04:09:25.571+0000] {dagbag.py:537} INFO - Filling up the DagBag from /opt/airflow/dags/Weather_Pipeline.py
[2025-08-15T04:09:26.132+0000] {logging_mixin.py:120} INFO - [2025-08-15T04:09:26.125+0000] {dagbag.py:342} ERROR - Failed to import: /opt/airflow/dags/Weather_Pipeline.py
Traceback (most recent call last):
  File "/home/airflow/.local/lib/python3.7/site-packages/airflow/models/dagbag.py", line 338, in parse
    loader.exec_module(new_module)
  File "<frozen importlib._bootstrap_external>", line 728, in exec_module
  File "<frozen importlib._bootstrap>", line 219, in _call_with_frames_removed
  File "/opt/airflow/dags/Weather_Pipeline.py", line 13, in <module>
    from dotenv import load_dotenv
ModuleNotFoundError: No module named 'dotenv'
[2025-08-15T04:09:26.134+0000] {processor.py:768} WARNING - No viable dags retrieved from /opt/airflow/dags/Weather_Pipeline.py
[2025-08-15T04:09:26.150+0000] {processor.py:176} INFO - Processing /opt/airflow/dags/Weather_Pipeline.py took 0.585 seconds
[2025-08-15T04:09:56.380+0000] {processor.py:154} INFO - Started process (PID=422) to work on /opt/airflow/dags/Weather_Pipeline.py
[2025-08-15T04:09:56.381+0000] {processor.py:756} INFO - Processing file /opt/airflow/dags/Weather_Pipeline.py for tasks to queue
[2025-08-15T04:09:56.382+0000] {logging_mixin.py:120} INFO - [2025-08-15T04:09:56.382+0000] {dagbag.py:537} INFO - Filling up the DagBag from /opt/airflow/dags/Weather_Pipeline.py
[2025-08-15T04:09:57.348+0000] {logging_mixin.py:120} INFO - [2025-08-15T04:09:57.345+0000] {dagbag.py:342} ERROR - Failed to import: /opt/airflow/dags/Weather_Pipeline.py
Traceback (most recent call last):
  File "/home/airflow/.local/lib/python3.7/site-packages/airflow/models/dagbag.py", line 338, in parse
    loader.exec_module(new_module)
  File "<frozen importlib._bootstrap_external>", line 728, in exec_module
  File "<frozen importlib._bootstrap>", line 219, in _call_with_frames_removed
  File "/opt/airflow/dags/Weather_Pipeline.py", line 13, in <module>
    from dotenv import load_dotenv
ModuleNotFoundError: No module named 'dotenv'
[2025-08-15T04:09:57.349+0000] {processor.py:768} WARNING - No viable dags retrieved from /opt/airflow/dags/Weather_Pipeline.py
[2025-08-15T04:09:57.372+0000] {processor.py:176} INFO - Processing /opt/airflow/dags/Weather_Pipeline.py took 0.995 seconds
[2025-08-15T04:10:27.599+0000] {processor.py:154} INFO - Started process (PID=451) to work on /opt/airflow/dags/Weather_Pipeline.py
[2025-08-15T04:10:27.600+0000] {processor.py:756} INFO - Processing file /opt/airflow/dags/Weather_Pipeline.py for tasks to queue
[2025-08-15T04:10:27.601+0000] {logging_mixin.py:120} INFO - [2025-08-15T04:10:27.601+0000] {dagbag.py:537} INFO - Filling up the DagBag from /opt/airflow/dags/Weather_Pipeline.py
[2025-08-15T04:10:28.018+0000] {logging_mixin.py:120} INFO - [2025-08-15T04:10:28.012+0000] {dagbag.py:342} ERROR - Failed to import: /opt/airflow/dags/Weather_Pipeline.py
Traceback (most recent call last):
  File "/home/airflow/.local/lib/python3.7/site-packages/airflow/models/dagbag.py", line 338, in parse
    loader.exec_module(new_module)
  File "<frozen importlib._bootstrap_external>", line 728, in exec_module
  File "<frozen importlib._bootstrap>", line 219, in _call_with_frames_removed
  File "/opt/airflow/dags/Weather_Pipeline.py", line 13, in <module>
    from dotenv import load_dotenv
ModuleNotFoundError: No module named 'dotenv'
[2025-08-15T04:10:28.019+0000] {processor.py:768} WARNING - No viable dags retrieved from /opt/airflow/dags/Weather_Pipeline.py
[2025-08-15T04:10:28.035+0000] {processor.py:176} INFO - Processing /opt/airflow/dags/Weather_Pipeline.py took 0.439 seconds
[2025-08-15T04:10:58.285+0000] {processor.py:154} INFO - Started process (PID=480) to work on /opt/airflow/dags/Weather_Pipeline.py
[2025-08-15T04:10:58.286+0000] {processor.py:756} INFO - Processing file /opt/airflow/dags/Weather_Pipeline.py for tasks to queue
[2025-08-15T04:10:58.287+0000] {logging_mixin.py:120} INFO - [2025-08-15T04:10:58.287+0000] {dagbag.py:537} INFO - Filling up the DagBag from /opt/airflow/dags/Weather_Pipeline.py
[2025-08-15T04:10:58.855+0000] {logging_mixin.py:120} INFO - [2025-08-15T04:10:58.850+0000] {dagbag.py:342} ERROR - Failed to import: /opt/airflow/dags/Weather_Pipeline.py
Traceback (most recent call last):
  File "/home/airflow/.local/lib/python3.7/site-packages/airflow/models/dagbag.py", line 338, in parse
    loader.exec_module(new_module)
  File "<frozen importlib._bootstrap_external>", line 728, in exec_module
  File "<frozen importlib._bootstrap>", line 219, in _call_with_frames_removed
  File "/opt/airflow/dags/Weather_Pipeline.py", line 13, in <module>
    from dotenv import load_dotenv
ModuleNotFoundError: No module named 'dotenv'
[2025-08-15T04:10:58.857+0000] {processor.py:768} WARNING - No viable dags retrieved from /opt/airflow/dags/Weather_Pipeline.py
[2025-08-15T04:10:58.913+0000] {processor.py:176} INFO - Processing /opt/airflow/dags/Weather_Pipeline.py took 0.631 seconds
[2025-08-15T04:11:29.028+0000] {processor.py:154} INFO - Started process (PID=509) to work on /opt/airflow/dags/Weather_Pipeline.py
[2025-08-15T04:11:29.029+0000] {processor.py:756} INFO - Processing file /opt/airflow/dags/Weather_Pipeline.py for tasks to queue
[2025-08-15T04:11:29.030+0000] {logging_mixin.py:120} INFO - [2025-08-15T04:11:29.029+0000] {dagbag.py:537} INFO - Filling up the DagBag from /opt/airflow/dags/Weather_Pipeline.py
[2025-08-15T04:11:29.429+0000] {logging_mixin.py:120} INFO - [2025-08-15T04:11:29.423+0000] {dagbag.py:342} ERROR - Failed to import: /opt/airflow/dags/Weather_Pipeline.py
Traceback (most recent call last):
  File "/home/airflow/.local/lib/python3.7/site-packages/airflow/models/dagbag.py", line 338, in parse
    loader.exec_module(new_module)
  File "<frozen importlib._bootstrap_external>", line 728, in exec_module
  File "<frozen importlib._bootstrap>", line 219, in _call_with_frames_removed
  File "/opt/airflow/dags/Weather_Pipeline.py", line 13, in <module>
    from dotenv import load_dotenv
ModuleNotFoundError: No module named 'dotenv'
[2025-08-15T04:11:29.430+0000] {processor.py:768} WARNING - No viable dags retrieved from /opt/airflow/dags/Weather_Pipeline.py
[2025-08-15T04:11:29.444+0000] {processor.py:176} INFO - Processing /opt/airflow/dags/Weather_Pipeline.py took 0.419 seconds
[2025-08-15T04:11:59.655+0000] {processor.py:154} INFO - Started process (PID=529) to work on /opt/airflow/dags/Weather_Pipeline.py
[2025-08-15T04:11:59.656+0000] {processor.py:756} INFO - Processing file /opt/airflow/dags/Weather_Pipeline.py for tasks to queue
[2025-08-15T04:11:59.657+0000] {logging_mixin.py:120} INFO - [2025-08-15T04:11:59.657+0000] {dagbag.py:537} INFO - Filling up the DagBag from /opt/airflow/dags/Weather_Pipeline.py
[2025-08-15T04:12:00.165+0000] {logging_mixin.py:120} INFO - [2025-08-15T04:12:00.162+0000] {dagbag.py:342} ERROR - Failed to import: /opt/airflow/dags/Weather_Pipeline.py
Traceback (most recent call last):
  File "/home/airflow/.local/lib/python3.7/site-packages/airflow/models/dagbag.py", line 338, in parse
    loader.exec_module(new_module)
  File "<frozen importlib._bootstrap_external>", line 728, in exec_module
  File "<frozen importlib._bootstrap>", line 219, in _call_with_frames_removed
  File "/opt/airflow/dags/Weather_Pipeline.py", line 13, in <module>
    from dotenv import load_dotenv
ModuleNotFoundError: No module named 'dotenv'
[2025-08-15T04:12:00.166+0000] {processor.py:768} WARNING - No viable dags retrieved from /opt/airflow/dags/Weather_Pipeline.py
[2025-08-15T04:12:00.182+0000] {processor.py:176} INFO - Processing /opt/airflow/dags/Weather_Pipeline.py took 0.530 seconds
[2025-08-15T04:13:10.516+0000] {processor.py:154} INFO - Started process (PID=56) to work on /opt/airflow/dags/Weather_Pipeline.py
[2025-08-15T04:13:10.518+0000] {processor.py:756} INFO - Processing file /opt/airflow/dags/Weather_Pipeline.py for tasks to queue
[2025-08-15T04:13:10.519+0000] {logging_mixin.py:120} INFO - [2025-08-15T04:13:10.519+0000] {dagbag.py:537} INFO - Filling up the DagBag from /opt/airflow/dags/Weather_Pipeline.py
[2025-08-15T04:13:11.844+0000] {logging_mixin.py:120} INFO - [2025-08-15T04:13:11.843+0000] {dagbag.py:439} ERROR - Failed to bag_dag: /opt/airflow/dags/Weather_Pipeline.py
Traceback (most recent call last):
  File "/home/airflow/.local/lib/python3.7/site-packages/croniter/croniter.py", line 172, in _alphaconv
    return cls.ALPHACONV[index][key]
KeyError: '/3'

During handling of the above exception, another exception occurred:

Traceback (most recent call last):
  File "/home/airflow/.local/lib/python3.7/site-packages/airflow/timetables/_cron.py", line 88, in validate
    croniter(self._expression)
  File "/home/airflow/.local/lib/python3.7/site-packages/croniter/croniter.py", line 166, in __init__
    self.expanded, self.nth_weekday_of_month = self.expand(expr_format, hash_id=hash_id)
  File "/home/airflow/.local/lib/python3.7/site-packages/croniter/croniter.py", line 778, in expand
    return cls._expand(expr_format, hash_id=hash_id)
  File "/home/airflow/.local/lib/python3.7/site-packages/croniter/croniter.py", line 721, in _expand
    t = cls._alphaconv(i, t, expressions)
  File "/home/airflow/.local/lib/python3.7/site-packages/croniter/croniter.py", line 175, in _alphaconv
    "[{0}] is not acceptable".format(" ".join(expressions)))
croniter.croniter.CroniterNotAlphaError: [0 /3 * * *] is not acceptable

During handling of the above exception, another exception occurred:

Traceback (most recent call last):
  File "/home/airflow/.local/lib/python3.7/site-packages/airflow/models/dagbag.py", line 436, in _process_modules
    dag.validate()
  File "/home/airflow/.local/lib/python3.7/site-packages/airflow/models/dag.py", line 653, in validate
    self.timetable.validate()
  File "/home/airflow/.local/lib/python3.7/site-packages/airflow/timetables/_cron.py", line 90, in validate
    raise AirflowTimetableInvalid(str(e))
airflow.exceptions.AirflowTimetableInvalid: [0 /3 * * *] is not acceptable
[2025-08-15T04:13:11.845+0000] {processor.py:768} WARNING - No viable dags retrieved from /opt/airflow/dags/Weather_Pipeline.py
[2025-08-15T04:13:11.863+0000] {processor.py:176} INFO - Processing /opt/airflow/dags/Weather_Pipeline.py took 1.351 seconds
[2025-08-15T04:13:42.145+0000] {processor.py:154} INFO - Started process (PID=85) to work on /opt/airflow/dags/Weather_Pipeline.py
[2025-08-15T04:13:42.148+0000] {processor.py:756} INFO - Processing file /opt/airflow/dags/Weather_Pipeline.py for tasks to queue
[2025-08-15T04:13:42.150+0000] {logging_mixin.py:120} INFO - [2025-08-15T04:13:42.150+0000] {dagbag.py:537} INFO - Filling up the DagBag from /opt/airflow/dags/Weather_Pipeline.py
[2025-08-15T04:13:44.396+0000] {logging_mixin.py:120} INFO - [2025-08-15T04:13:44.392+0000] {dagbag.py:439} ERROR - Failed to bag_dag: /opt/airflow/dags/Weather_Pipeline.py
Traceback (most recent call last):
  File "/home/airflow/.local/lib/python3.7/site-packages/croniter/croniter.py", line 172, in _alphaconv
    return cls.ALPHACONV[index][key]
KeyError: '/3'

During handling of the above exception, another exception occurred:

Traceback (most recent call last):
  File "/home/airflow/.local/lib/python3.7/site-packages/airflow/timetables/_cron.py", line 88, in validate
    croniter(self._expression)
  File "/home/airflow/.local/lib/python3.7/site-packages/croniter/croniter.py", line 166, in __init__
    self.expanded, self.nth_weekday_of_month = self.expand(expr_format, hash_id=hash_id)
  File "/home/airflow/.local/lib/python3.7/site-packages/croniter/croniter.py", line 778, in expand
    return cls._expand(expr_format, hash_id=hash_id)
  File "/home/airflow/.local/lib/python3.7/site-packages/croniter/croniter.py", line 721, in _expand
    t = cls._alphaconv(i, t, expressions)
  File "/home/airflow/.local/lib/python3.7/site-packages/croniter/croniter.py", line 175, in _alphaconv
    "[{0}] is not acceptable".format(" ".join(expressions)))
croniter.croniter.CroniterNotAlphaError: [0 /3 * * *] is not acceptable

During handling of the above exception, another exception occurred:

Traceback (most recent call last):
  File "/home/airflow/.local/lib/python3.7/site-packages/airflow/models/dagbag.py", line 436, in _process_modules
    dag.validate()
  File "/home/airflow/.local/lib/python3.7/site-packages/airflow/models/dag.py", line 653, in validate
    self.timetable.validate()
  File "/home/airflow/.local/lib/python3.7/site-packages/airflow/timetables/_cron.py", line 90, in validate
    raise AirflowTimetableInvalid(str(e))
airflow.exceptions.AirflowTimetableInvalid: [0 /3 * * *] is not acceptable
[2025-08-15T04:13:44.397+0000] {processor.py:768} WARNING - No viable dags retrieved from /opt/airflow/dags/Weather_Pipeline.py
[2025-08-15T04:13:44.416+0000] {processor.py:176} INFO - Processing /opt/airflow/dags/Weather_Pipeline.py took 2.283 seconds
[2025-08-15T04:14:14.637+0000] {processor.py:154} INFO - Started process (PID=114) to work on /opt/airflow/dags/Weather_Pipeline.py
[2025-08-15T04:14:14.638+0000] {processor.py:756} INFO - Processing file /opt/airflow/dags/Weather_Pipeline.py for tasks to queue
[2025-08-15T04:14:14.640+0000] {logging_mixin.py:120} INFO - [2025-08-15T04:14:14.639+0000] {dagbag.py:537} INFO - Filling up the DagBag from /opt/airflow/dags/Weather_Pipeline.py
[2025-08-15T04:14:15.168+0000] {logging_mixin.py:120} INFO - [2025-08-15T04:14:15.167+0000] {dagbag.py:439} ERROR - Failed to bag_dag: /opt/airflow/dags/Weather_Pipeline.py
Traceback (most recent call last):
  File "/home/airflow/.local/lib/python3.7/site-packages/croniter/croniter.py", line 172, in _alphaconv
    return cls.ALPHACONV[index][key]
KeyError: '/3'

During handling of the above exception, another exception occurred:

Traceback (most recent call last):
  File "/home/airflow/.local/lib/python3.7/site-packages/airflow/timetables/_cron.py", line 88, in validate
    croniter(self._expression)
  File "/home/airflow/.local/lib/python3.7/site-packages/croniter/croniter.py", line 166, in __init__
    self.expanded, self.nth_weekday_of_month = self.expand(expr_format, hash_id=hash_id)
  File "/home/airflow/.local/lib/python3.7/site-packages/croniter/croniter.py", line 778, in expand
    return cls._expand(expr_format, hash_id=hash_id)
  File "/home/airflow/.local/lib/python3.7/site-packages/croniter/croniter.py", line 721, in _expand
    t = cls._alphaconv(i, t, expressions)
  File "/home/airflow/.local/lib/python3.7/site-packages/croniter/croniter.py", line 175, in _alphaconv
    "[{0}] is not acceptable".format(" ".join(expressions)))
croniter.croniter.CroniterNotAlphaError: [0 /3 * * *] is not acceptable

During handling of the above exception, another exception occurred:

Traceback (most recent call last):
  File "/home/airflow/.local/lib/python3.7/site-packages/airflow/models/dagbag.py", line 436, in _process_modules
    dag.validate()
  File "/home/airflow/.local/lib/python3.7/site-packages/airflow/models/dag.py", line 653, in validate
    self.timetable.validate()
  File "/home/airflow/.local/lib/python3.7/site-packages/airflow/timetables/_cron.py", line 90, in validate
    raise AirflowTimetableInvalid(str(e))
airflow.exceptions.AirflowTimetableInvalid: [0 /3 * * *] is not acceptable
[2025-08-15T04:14:15.169+0000] {processor.py:768} WARNING - No viable dags retrieved from /opt/airflow/dags/Weather_Pipeline.py
[2025-08-15T04:14:15.200+0000] {processor.py:176} INFO - Processing /opt/airflow/dags/Weather_Pipeline.py took 0.566 seconds
[2025-08-15T04:14:45.450+0000] {processor.py:154} INFO - Started process (PID=143) to work on /opt/airflow/dags/Weather_Pipeline.py
[2025-08-15T04:14:45.451+0000] {processor.py:756} INFO - Processing file /opt/airflow/dags/Weather_Pipeline.py for tasks to queue
[2025-08-15T04:14:45.452+0000] {logging_mixin.py:120} INFO - [2025-08-15T04:14:45.451+0000] {dagbag.py:537} INFO - Filling up the DagBag from /opt/airflow/dags/Weather_Pipeline.py
[2025-08-15T04:14:45.875+0000] {logging_mixin.py:120} INFO - [2025-08-15T04:14:45.874+0000] {dagbag.py:439} ERROR - Failed to bag_dag: /opt/airflow/dags/Weather_Pipeline.py
Traceback (most recent call last):
  File "/home/airflow/.local/lib/python3.7/site-packages/croniter/croniter.py", line 172, in _alphaconv
    return cls.ALPHACONV[index][key]
KeyError: '/3'

During handling of the above exception, another exception occurred:

Traceback (most recent call last):
  File "/home/airflow/.local/lib/python3.7/site-packages/airflow/timetables/_cron.py", line 88, in validate
    croniter(self._expression)
  File "/home/airflow/.local/lib/python3.7/site-packages/croniter/croniter.py", line 166, in __init__
    self.expanded, self.nth_weekday_of_month = self.expand(expr_format, hash_id=hash_id)
  File "/home/airflow/.local/lib/python3.7/site-packages/croniter/croniter.py", line 778, in expand
    return cls._expand(expr_format, hash_id=hash_id)
  File "/home/airflow/.local/lib/python3.7/site-packages/croniter/croniter.py", line 721, in _expand
    t = cls._alphaconv(i, t, expressions)
  File "/home/airflow/.local/lib/python3.7/site-packages/croniter/croniter.py", line 175, in _alphaconv
    "[{0}] is not acceptable".format(" ".join(expressions)))
croniter.croniter.CroniterNotAlphaError: [0 /3 * * *] is not acceptable

During handling of the above exception, another exception occurred:

Traceback (most recent call last):
  File "/home/airflow/.local/lib/python3.7/site-packages/airflow/models/dagbag.py", line 436, in _process_modules
    dag.validate()
  File "/home/airflow/.local/lib/python3.7/site-packages/airflow/models/dag.py", line 653, in validate
    self.timetable.validate()
  File "/home/airflow/.local/lib/python3.7/site-packages/airflow/timetables/_cron.py", line 90, in validate
    raise AirflowTimetableInvalid(str(e))
airflow.exceptions.AirflowTimetableInvalid: [0 /3 * * *] is not acceptable
[2025-08-15T04:14:45.876+0000] {processor.py:768} WARNING - No viable dags retrieved from /opt/airflow/dags/Weather_Pipeline.py
[2025-08-15T04:14:45.891+0000] {processor.py:176} INFO - Processing /opt/airflow/dags/Weather_Pipeline.py took 0.444 seconds
[2025-08-15T04:15:16.039+0000] {processor.py:154} INFO - Started process (PID=172) to work on /opt/airflow/dags/Weather_Pipeline.py
[2025-08-15T04:15:16.052+0000] {processor.py:756} INFO - Processing file /opt/airflow/dags/Weather_Pipeline.py for tasks to queue
[2025-08-15T04:15:16.053+0000] {logging_mixin.py:120} INFO - [2025-08-15T04:15:16.053+0000] {dagbag.py:537} INFO - Filling up the DagBag from /opt/airflow/dags/Weather_Pipeline.py
[2025-08-15T04:15:17.301+0000] {logging_mixin.py:120} INFO - [2025-08-15T04:15:17.297+0000] {dagbag.py:439} ERROR - Failed to bag_dag: /opt/airflow/dags/Weather_Pipeline.py
Traceback (most recent call last):
  File "/home/airflow/.local/lib/python3.7/site-packages/croniter/croniter.py", line 172, in _alphaconv
    return cls.ALPHACONV[index][key]
KeyError: '/3'

During handling of the above exception, another exception occurred:

Traceback (most recent call last):
  File "/home/airflow/.local/lib/python3.7/site-packages/airflow/timetables/_cron.py", line 88, in validate
    croniter(self._expression)
  File "/home/airflow/.local/lib/python3.7/site-packages/croniter/croniter.py", line 166, in __init__
    self.expanded, self.nth_weekday_of_month = self.expand(expr_format, hash_id=hash_id)
  File "/home/airflow/.local/lib/python3.7/site-packages/croniter/croniter.py", line 778, in expand
    return cls._expand(expr_format, hash_id=hash_id)
  File "/home/airflow/.local/lib/python3.7/site-packages/croniter/croniter.py", line 721, in _expand
    t = cls._alphaconv(i, t, expressions)
  File "/home/airflow/.local/lib/python3.7/site-packages/croniter/croniter.py", line 175, in _alphaconv
    "[{0}] is not acceptable".format(" ".join(expressions)))
croniter.croniter.CroniterNotAlphaError: [0 /3 * * *] is not acceptable

During handling of the above exception, another exception occurred:

Traceback (most recent call last):
  File "/home/airflow/.local/lib/python3.7/site-packages/airflow/models/dagbag.py", line 436, in _process_modules
    dag.validate()
  File "/home/airflow/.local/lib/python3.7/site-packages/airflow/models/dag.py", line 653, in validate
    self.timetable.validate()
  File "/home/airflow/.local/lib/python3.7/site-packages/airflow/timetables/_cron.py", line 90, in validate
    raise AirflowTimetableInvalid(str(e))
airflow.exceptions.AirflowTimetableInvalid: [0 /3 * * *] is not acceptable
[2025-08-15T04:15:17.302+0000] {processor.py:768} WARNING - No viable dags retrieved from /opt/airflow/dags/Weather_Pipeline.py
[2025-08-15T04:15:17.333+0000] {processor.py:176} INFO - Processing /opt/airflow/dags/Weather_Pipeline.py took 1.301 seconds
[2025-08-15T04:15:47.542+0000] {processor.py:154} INFO - Started process (PID=192) to work on /opt/airflow/dags/Weather_Pipeline.py
[2025-08-15T04:15:47.544+0000] {processor.py:756} INFO - Processing file /opt/airflow/dags/Weather_Pipeline.py for tasks to queue
[2025-08-15T04:15:47.545+0000] {logging_mixin.py:120} INFO - [2025-08-15T04:15:47.545+0000] {dagbag.py:537} INFO - Filling up the DagBag from /opt/airflow/dags/Weather_Pipeline.py
[2025-08-15T04:15:48.040+0000] {logging_mixin.py:120} INFO - [2025-08-15T04:15:48.038+0000] {dagbag.py:439} ERROR - Failed to bag_dag: /opt/airflow/dags/Weather_Pipeline.py
Traceback (most recent call last):
  File "/home/airflow/.local/lib/python3.7/site-packages/croniter/croniter.py", line 172, in _alphaconv
    return cls.ALPHACONV[index][key]
KeyError: '/3'

During handling of the above exception, another exception occurred:

Traceback (most recent call last):
  File "/home/airflow/.local/lib/python3.7/site-packages/airflow/timetables/_cron.py", line 88, in validate
    croniter(self._expression)
  File "/home/airflow/.local/lib/python3.7/site-packages/croniter/croniter.py", line 166, in __init__
    self.expanded, self.nth_weekday_of_month = self.expand(expr_format, hash_id=hash_id)
  File "/home/airflow/.local/lib/python3.7/site-packages/croniter/croniter.py", line 778, in expand
    return cls._expand(expr_format, hash_id=hash_id)
  File "/home/airflow/.local/lib/python3.7/site-packages/croniter/croniter.py", line 721, in _expand
    t = cls._alphaconv(i, t, expressions)
  File "/home/airflow/.local/lib/python3.7/site-packages/croniter/croniter.py", line 175, in _alphaconv
    "[{0}] is not acceptable".format(" ".join(expressions)))
croniter.croniter.CroniterNotAlphaError: [0 /3 * * *] is not acceptable

During handling of the above exception, another exception occurred:

Traceback (most recent call last):
  File "/home/airflow/.local/lib/python3.7/site-packages/airflow/models/dagbag.py", line 436, in _process_modules
    dag.validate()
  File "/home/airflow/.local/lib/python3.7/site-packages/airflow/models/dag.py", line 653, in validate
    self.timetable.validate()
  File "/home/airflow/.local/lib/python3.7/site-packages/airflow/timetables/_cron.py", line 90, in validate
    raise AirflowTimetableInvalid(str(e))
airflow.exceptions.AirflowTimetableInvalid: [0 /3 * * *] is not acceptable
[2025-08-15T04:15:48.040+0000] {processor.py:768} WARNING - No viable dags retrieved from /opt/airflow/dags/Weather_Pipeline.py
[2025-08-15T04:15:48.065+0000] {processor.py:176} INFO - Processing /opt/airflow/dags/Weather_Pipeline.py took 0.527 seconds
[2025-08-15T04:16:18.322+0000] {processor.py:154} INFO - Started process (PID=221) to work on /opt/airflow/dags/Weather_Pipeline.py
[2025-08-15T04:16:18.323+0000] {processor.py:756} INFO - Processing file /opt/airflow/dags/Weather_Pipeline.py for tasks to queue
[2025-08-15T04:16:18.323+0000] {logging_mixin.py:120} INFO - [2025-08-15T04:16:18.323+0000] {dagbag.py:537} INFO - Filling up the DagBag from /opt/airflow/dags/Weather_Pipeline.py
[2025-08-15T04:16:18.739+0000] {logging_mixin.py:120} INFO - [2025-08-15T04:16:18.737+0000] {dagbag.py:439} ERROR - Failed to bag_dag: /opt/airflow/dags/Weather_Pipeline.py
Traceback (most recent call last):
  File "/home/airflow/.local/lib/python3.7/site-packages/croniter/croniter.py", line 172, in _alphaconv
    return cls.ALPHACONV[index][key]
KeyError: '/3'

During handling of the above exception, another exception occurred:

Traceback (most recent call last):
  File "/home/airflow/.local/lib/python3.7/site-packages/airflow/timetables/_cron.py", line 88, in validate
    croniter(self._expression)
  File "/home/airflow/.local/lib/python3.7/site-packages/croniter/croniter.py", line 166, in __init__
    self.expanded, self.nth_weekday_of_month = self.expand(expr_format, hash_id=hash_id)
  File "/home/airflow/.local/lib/python3.7/site-packages/croniter/croniter.py", line 778, in expand
    return cls._expand(expr_format, hash_id=hash_id)
  File "/home/airflow/.local/lib/python3.7/site-packages/croniter/croniter.py", line 721, in _expand
    t = cls._alphaconv(i, t, expressions)
  File "/home/airflow/.local/lib/python3.7/site-packages/croniter/croniter.py", line 175, in _alphaconv
    "[{0}] is not acceptable".format(" ".join(expressions)))
croniter.croniter.CroniterNotAlphaError: [0 /3 * * *] is not acceptable

During handling of the above exception, another exception occurred:

Traceback (most recent call last):
  File "/home/airflow/.local/lib/python3.7/site-packages/airflow/models/dagbag.py", line 436, in _process_modules
    dag.validate()
  File "/home/airflow/.local/lib/python3.7/site-packages/airflow/models/dag.py", line 653, in validate
    self.timetable.validate()
  File "/home/airflow/.local/lib/python3.7/site-packages/airflow/timetables/_cron.py", line 90, in validate
    raise AirflowTimetableInvalid(str(e))
airflow.exceptions.AirflowTimetableInvalid: [0 /3 * * *] is not acceptable
[2025-08-15T04:16:18.739+0000] {processor.py:768} WARNING - No viable dags retrieved from /opt/airflow/dags/Weather_Pipeline.py
[2025-08-15T04:16:18.755+0000] {processor.py:176} INFO - Processing /opt/airflow/dags/Weather_Pipeline.py took 0.436 seconds
[2025-08-15T04:16:49.069+0000] {processor.py:154} INFO - Started process (PID=250) to work on /opt/airflow/dags/Weather_Pipeline.py
[2025-08-15T04:16:49.070+0000] {processor.py:756} INFO - Processing file /opt/airflow/dags/Weather_Pipeline.py for tasks to queue
[2025-08-15T04:16:49.071+0000] {logging_mixin.py:120} INFO - [2025-08-15T04:16:49.071+0000] {dagbag.py:537} INFO - Filling up the DagBag from /opt/airflow/dags/Weather_Pipeline.py
[2025-08-15T04:16:49.471+0000] {logging_mixin.py:120} INFO - [2025-08-15T04:16:49.469+0000] {dagbag.py:439} ERROR - Failed to bag_dag: /opt/airflow/dags/Weather_Pipeline.py
Traceback (most recent call last):
  File "/home/airflow/.local/lib/python3.7/site-packages/croniter/croniter.py", line 172, in _alphaconv
    return cls.ALPHACONV[index][key]
KeyError: '/3'

During handling of the above exception, another exception occurred:

Traceback (most recent call last):
  File "/home/airflow/.local/lib/python3.7/site-packages/airflow/timetables/_cron.py", line 88, in validate
    croniter(self._expression)
  File "/home/airflow/.local/lib/python3.7/site-packages/croniter/croniter.py", line 166, in __init__
    self.expanded, self.nth_weekday_of_month = self.expand(expr_format, hash_id=hash_id)
  File "/home/airflow/.local/lib/python3.7/site-packages/croniter/croniter.py", line 778, in expand
    return cls._expand(expr_format, hash_id=hash_id)
  File "/home/airflow/.local/lib/python3.7/site-packages/croniter/croniter.py", line 721, in _expand
    t = cls._alphaconv(i, t, expressions)
  File "/home/airflow/.local/lib/python3.7/site-packages/croniter/croniter.py", line 175, in _alphaconv
    "[{0}] is not acceptable".format(" ".join(expressions)))
croniter.croniter.CroniterNotAlphaError: [0 /3 * * *] is not acceptable

During handling of the above exception, another exception occurred:

Traceback (most recent call last):
  File "/home/airflow/.local/lib/python3.7/site-packages/airflow/models/dagbag.py", line 436, in _process_modules
    dag.validate()
  File "/home/airflow/.local/lib/python3.7/site-packages/airflow/models/dag.py", line 653, in validate
    self.timetable.validate()
  File "/home/airflow/.local/lib/python3.7/site-packages/airflow/timetables/_cron.py", line 90, in validate
    raise AirflowTimetableInvalid(str(e))
airflow.exceptions.AirflowTimetableInvalid: [0 /3 * * *] is not acceptable
[2025-08-15T04:16:49.472+0000] {processor.py:768} WARNING - No viable dags retrieved from /opt/airflow/dags/Weather_Pipeline.py
[2025-08-15T04:16:49.488+0000] {processor.py:176} INFO - Processing /opt/airflow/dags/Weather_Pipeline.py took 0.421 seconds
[2025-08-15T04:17:19.729+0000] {processor.py:154} INFO - Started process (PID=279) to work on /opt/airflow/dags/Weather_Pipeline.py
[2025-08-15T04:17:19.730+0000] {processor.py:756} INFO - Processing file /opt/airflow/dags/Weather_Pipeline.py for tasks to queue
[2025-08-15T04:17:19.731+0000] {logging_mixin.py:120} INFO - [2025-08-15T04:17:19.731+0000] {dagbag.py:537} INFO - Filling up the DagBag from /opt/airflow/dags/Weather_Pipeline.py
[2025-08-15T04:17:20.121+0000] {logging_mixin.py:120} INFO - [2025-08-15T04:17:20.120+0000] {dagbag.py:439} ERROR - Failed to bag_dag: /opt/airflow/dags/Weather_Pipeline.py
Traceback (most recent call last):
  File "/home/airflow/.local/lib/python3.7/site-packages/croniter/croniter.py", line 172, in _alphaconv
    return cls.ALPHACONV[index][key]
KeyError: '/3'

During handling of the above exception, another exception occurred:

Traceback (most recent call last):
  File "/home/airflow/.local/lib/python3.7/site-packages/airflow/timetables/_cron.py", line 88, in validate
    croniter(self._expression)
  File "/home/airflow/.local/lib/python3.7/site-packages/croniter/croniter.py", line 166, in __init__
    self.expanded, self.nth_weekday_of_month = self.expand(expr_format, hash_id=hash_id)
  File "/home/airflow/.local/lib/python3.7/site-packages/croniter/croniter.py", line 778, in expand
    return cls._expand(expr_format, hash_id=hash_id)
  File "/home/airflow/.local/lib/python3.7/site-packages/croniter/croniter.py", line 721, in _expand
    t = cls._alphaconv(i, t, expressions)
  File "/home/airflow/.local/lib/python3.7/site-packages/croniter/croniter.py", line 175, in _alphaconv
    "[{0}] is not acceptable".format(" ".join(expressions)))
croniter.croniter.CroniterNotAlphaError: [0 /3 * * *] is not acceptable

During handling of the above exception, another exception occurred:

Traceback (most recent call last):
  File "/home/airflow/.local/lib/python3.7/site-packages/airflow/models/dagbag.py", line 436, in _process_modules
    dag.validate()
  File "/home/airflow/.local/lib/python3.7/site-packages/airflow/models/dag.py", line 653, in validate
    self.timetable.validate()
  File "/home/airflow/.local/lib/python3.7/site-packages/airflow/timetables/_cron.py", line 90, in validate
    raise AirflowTimetableInvalid(str(e))
airflow.exceptions.AirflowTimetableInvalid: [0 /3 * * *] is not acceptable
[2025-08-15T04:17:20.122+0000] {processor.py:768} WARNING - No viable dags retrieved from /opt/airflow/dags/Weather_Pipeline.py
[2025-08-15T04:17:20.140+0000] {processor.py:176} INFO - Processing /opt/airflow/dags/Weather_Pipeline.py took 0.414 seconds
[2025-08-15T04:17:50.372+0000] {processor.py:154} INFO - Started process (PID=299) to work on /opt/airflow/dags/Weather_Pipeline.py
[2025-08-15T04:17:50.373+0000] {processor.py:756} INFO - Processing file /opt/airflow/dags/Weather_Pipeline.py for tasks to queue
[2025-08-15T04:17:50.374+0000] {logging_mixin.py:120} INFO - [2025-08-15T04:17:50.374+0000] {dagbag.py:537} INFO - Filling up the DagBag from /opt/airflow/dags/Weather_Pipeline.py
[2025-08-15T04:17:50.744+0000] {logging_mixin.py:120} INFO - [2025-08-15T04:17:50.743+0000] {dagbag.py:439} ERROR - Failed to bag_dag: /opt/airflow/dags/Weather_Pipeline.py
Traceback (most recent call last):
  File "/home/airflow/.local/lib/python3.7/site-packages/croniter/croniter.py", line 172, in _alphaconv
    return cls.ALPHACONV[index][key]
KeyError: '/3'

During handling of the above exception, another exception occurred:

Traceback (most recent call last):
  File "/home/airflow/.local/lib/python3.7/site-packages/airflow/timetables/_cron.py", line 88, in validate
    croniter(self._expression)
  File "/home/airflow/.local/lib/python3.7/site-packages/croniter/croniter.py", line 166, in __init__
    self.expanded, self.nth_weekday_of_month = self.expand(expr_format, hash_id=hash_id)
  File "/home/airflow/.local/lib/python3.7/site-packages/croniter/croniter.py", line 778, in expand
    return cls._expand(expr_format, hash_id=hash_id)
  File "/home/airflow/.local/lib/python3.7/site-packages/croniter/croniter.py", line 721, in _expand
    t = cls._alphaconv(i, t, expressions)
  File "/home/airflow/.local/lib/python3.7/site-packages/croniter/croniter.py", line 175, in _alphaconv
    "[{0}] is not acceptable".format(" ".join(expressions)))
croniter.croniter.CroniterNotAlphaError: [0 /3 * * *] is not acceptable

During handling of the above exception, another exception occurred:

Traceback (most recent call last):
  File "/home/airflow/.local/lib/python3.7/site-packages/airflow/models/dagbag.py", line 436, in _process_modules
    dag.validate()
  File "/home/airflow/.local/lib/python3.7/site-packages/airflow/models/dag.py", line 653, in validate
    self.timetable.validate()
  File "/home/airflow/.local/lib/python3.7/site-packages/airflow/timetables/_cron.py", line 90, in validate
    raise AirflowTimetableInvalid(str(e))
airflow.exceptions.AirflowTimetableInvalid: [0 /3 * * *] is not acceptable
[2025-08-15T04:17:50.745+0000] {processor.py:768} WARNING - No viable dags retrieved from /opt/airflow/dags/Weather_Pipeline.py
[2025-08-15T04:17:50.762+0000] {processor.py:176} INFO - Processing /opt/airflow/dags/Weather_Pipeline.py took 0.392 seconds
[2025-08-15T04:18:20.985+0000] {processor.py:154} INFO - Started process (PID=328) to work on /opt/airflow/dags/Weather_Pipeline.py
[2025-08-15T04:18:20.986+0000] {processor.py:756} INFO - Processing file /opt/airflow/dags/Weather_Pipeline.py for tasks to queue
[2025-08-15T04:18:20.987+0000] {logging_mixin.py:120} INFO - [2025-08-15T04:18:20.987+0000] {dagbag.py:537} INFO - Filling up the DagBag from /opt/airflow/dags/Weather_Pipeline.py
[2025-08-15T04:18:21.449+0000] {logging_mixin.py:120} INFO - [2025-08-15T04:18:21.444+0000] {dagbag.py:439} ERROR - Failed to bag_dag: /opt/airflow/dags/Weather_Pipeline.py
Traceback (most recent call last):
  File "/home/airflow/.local/lib/python3.7/site-packages/croniter/croniter.py", line 172, in _alphaconv
    return cls.ALPHACONV[index][key]
KeyError: '/3'

During handling of the above exception, another exception occurred:

Traceback (most recent call last):
  File "/home/airflow/.local/lib/python3.7/site-packages/airflow/timetables/_cron.py", line 88, in validate
    croniter(self._expression)
  File "/home/airflow/.local/lib/python3.7/site-packages/croniter/croniter.py", line 166, in __init__
    self.expanded, self.nth_weekday_of_month = self.expand(expr_format, hash_id=hash_id)
  File "/home/airflow/.local/lib/python3.7/site-packages/croniter/croniter.py", line 778, in expand
    return cls._expand(expr_format, hash_id=hash_id)
  File "/home/airflow/.local/lib/python3.7/site-packages/croniter/croniter.py", line 721, in _expand
    t = cls._alphaconv(i, t, expressions)
  File "/home/airflow/.local/lib/python3.7/site-packages/croniter/croniter.py", line 175, in _alphaconv
    "[{0}] is not acceptable".format(" ".join(expressions)))
croniter.croniter.CroniterNotAlphaError: [0 /3 * * *] is not acceptable

During handling of the above exception, another exception occurred:

Traceback (most recent call last):
  File "/home/airflow/.local/lib/python3.7/site-packages/airflow/models/dagbag.py", line 436, in _process_modules
    dag.validate()
  File "/home/airflow/.local/lib/python3.7/site-packages/airflow/models/dag.py", line 653, in validate
    self.timetable.validate()
  File "/home/airflow/.local/lib/python3.7/site-packages/airflow/timetables/_cron.py", line 90, in validate
    raise AirflowTimetableInvalid(str(e))
airflow.exceptions.AirflowTimetableInvalid: [0 /3 * * *] is not acceptable
[2025-08-15T04:18:21.450+0000] {processor.py:768} WARNING - No viable dags retrieved from /opt/airflow/dags/Weather_Pipeline.py
[2025-08-15T04:18:21.476+0000] {processor.py:176} INFO - Processing /opt/airflow/dags/Weather_Pipeline.py took 0.493 seconds
[2025-08-15T04:18:51.678+0000] {processor.py:154} INFO - Started process (PID=357) to work on /opt/airflow/dags/Weather_Pipeline.py
[2025-08-15T04:18:51.679+0000] {processor.py:756} INFO - Processing file /opt/airflow/dags/Weather_Pipeline.py for tasks to queue
[2025-08-15T04:18:51.680+0000] {logging_mixin.py:120} INFO - [2025-08-15T04:18:51.680+0000] {dagbag.py:537} INFO - Filling up the DagBag from /opt/airflow/dags/Weather_Pipeline.py
[2025-08-15T04:18:52.103+0000] {logging_mixin.py:120} INFO - [2025-08-15T04:18:52.101+0000] {dagbag.py:439} ERROR - Failed to bag_dag: /opt/airflow/dags/Weather_Pipeline.py
Traceback (most recent call last):
  File "/home/airflow/.local/lib/python3.7/site-packages/croniter/croniter.py", line 172, in _alphaconv
    return cls.ALPHACONV[index][key]
KeyError: '/3'

During handling of the above exception, another exception occurred:

Traceback (most recent call last):
  File "/home/airflow/.local/lib/python3.7/site-packages/airflow/timetables/_cron.py", line 88, in validate
    croniter(self._expression)
  File "/home/airflow/.local/lib/python3.7/site-packages/croniter/croniter.py", line 166, in __init__
    self.expanded, self.nth_weekday_of_month = self.expand(expr_format, hash_id=hash_id)
  File "/home/airflow/.local/lib/python3.7/site-packages/croniter/croniter.py", line 778, in expand
    return cls._expand(expr_format, hash_id=hash_id)
  File "/home/airflow/.local/lib/python3.7/site-packages/croniter/croniter.py", line 721, in _expand
    t = cls._alphaconv(i, t, expressions)
  File "/home/airflow/.local/lib/python3.7/site-packages/croniter/croniter.py", line 175, in _alphaconv
    "[{0}] is not acceptable".format(" ".join(expressions)))
croniter.croniter.CroniterNotAlphaError: [0 /3 * * *] is not acceptable

During handling of the above exception, another exception occurred:

Traceback (most recent call last):
  File "/home/airflow/.local/lib/python3.7/site-packages/airflow/models/dagbag.py", line 436, in _process_modules
    dag.validate()
  File "/home/airflow/.local/lib/python3.7/site-packages/airflow/models/dag.py", line 653, in validate
    self.timetable.validate()
  File "/home/airflow/.local/lib/python3.7/site-packages/airflow/timetables/_cron.py", line 90, in validate
    raise AirflowTimetableInvalid(str(e))
airflow.exceptions.AirflowTimetableInvalid: [0 /3 * * *] is not acceptable
[2025-08-15T04:18:52.103+0000] {processor.py:768} WARNING - No viable dags retrieved from /opt/airflow/dags/Weather_Pipeline.py
[2025-08-15T04:18:52.119+0000] {processor.py:176} INFO - Processing /opt/airflow/dags/Weather_Pipeline.py took 0.445 seconds
[2025-08-15T04:19:06.768+0000] {processor.py:154} INFO - Started process (PID=368) to work on /opt/airflow/dags/Weather_Pipeline.py
[2025-08-15T04:19:06.769+0000] {processor.py:756} INFO - Processing file /opt/airflow/dags/Weather_Pipeline.py for tasks to queue
[2025-08-15T04:19:06.770+0000] {logging_mixin.py:120} INFO - [2025-08-15T04:19:06.770+0000] {dagbag.py:537} INFO - Filling up the DagBag from /opt/airflow/dags/Weather_Pipeline.py
[2025-08-15T04:19:07.317+0000] {processor.py:766} INFO - DAG(s) dict_keys(['weather_pipeline']) retrieved from /opt/airflow/dags/Weather_Pipeline.py
[2025-08-15T04:19:07.620+0000] {logging_mixin.py:120} INFO - [2025-08-15T04:19:07.620+0000] {manager.py:507} INFO - Created Permission View: can edit on DAG:weather_pipeline
[2025-08-15T04:19:07.630+0000] {logging_mixin.py:120} INFO - [2025-08-15T04:19:07.629+0000] {manager.py:507} INFO - Created Permission View: can delete on DAG:weather_pipeline
[2025-08-15T04:19:07.636+0000] {logging_mixin.py:120} INFO - [2025-08-15T04:19:07.636+0000] {manager.py:507} INFO - Created Permission View: can read on DAG:weather_pipeline
[2025-08-15T04:19:07.637+0000] {logging_mixin.py:120} INFO - [2025-08-15T04:19:07.637+0000] {dag.py:2585} INFO - Sync 1 DAGs
[2025-08-15T04:19:07.649+0000] {logging_mixin.py:120} INFO - [2025-08-15T04:19:07.648+0000] {dag.py:2606} INFO - Creating ORM DAG for weather_pipeline
[2025-08-15T04:19:07.670+0000] {logging_mixin.py:120} INFO - [2025-08-15T04:19:07.670+0000] {dag.py:3340} INFO - Setting next_dagrun for weather_pipeline to 2025-08-15T00:00:00+00:00, run_after=2025-08-15T03:00:00+00:00
[2025-08-15T04:19:07.694+0000] {processor.py:176} INFO - Processing /opt/airflow/dags/Weather_Pipeline.py took 0.931 seconds
[2025-08-15T04:19:37.902+0000] {processor.py:154} INFO - Started process (PID=397) to work on /opt/airflow/dags/Weather_Pipeline.py
[2025-08-15T04:19:37.904+0000] {processor.py:756} INFO - Processing file /opt/airflow/dags/Weather_Pipeline.py for tasks to queue
[2025-08-15T04:19:37.905+0000] {logging_mixin.py:120} INFO - [2025-08-15T04:19:37.905+0000] {dagbag.py:537} INFO - Filling up the DagBag from /opt/airflow/dags/Weather_Pipeline.py
[2025-08-15T04:19:39.109+0000] {processor.py:766} INFO - DAG(s) dict_keys(['weather_pipeline']) retrieved from /opt/airflow/dags/Weather_Pipeline.py
[2025-08-15T04:19:39.277+0000] {logging_mixin.py:120} INFO - [2025-08-15T04:19:39.276+0000] {dag.py:2585} INFO - Sync 1 DAGs
[2025-08-15T04:19:39.374+0000] {logging_mixin.py:120} INFO - [2025-08-15T04:19:39.374+0000] {dag.py:3340} INFO - Setting next_dagrun for weather_pipeline to 2025-08-15T00:00:00+00:00, run_after=2025-08-15T03:00:00+00:00
[2025-08-15T04:19:39.410+0000] {processor.py:176} INFO - Processing /opt/airflow/dags/Weather_Pipeline.py took 1.511 seconds
[2025-08-15T04:20:09.728+0000] {processor.py:154} INFO - Started process (PID=426) to work on /opt/airflow/dags/Weather_Pipeline.py
[2025-08-15T04:20:09.729+0000] {processor.py:756} INFO - Processing file /opt/airflow/dags/Weather_Pipeline.py for tasks to queue
[2025-08-15T04:20:09.730+0000] {logging_mixin.py:120} INFO - [2025-08-15T04:20:09.730+0000] {dagbag.py:537} INFO - Filling up the DagBag from /opt/airflow/dags/Weather_Pipeline.py
[2025-08-15T04:20:10.598+0000] {processor.py:766} INFO - DAG(s) dict_keys(['weather_pipeline']) retrieved from /opt/airflow/dags/Weather_Pipeline.py
[2025-08-15T04:20:10.664+0000] {logging_mixin.py:120} INFO - [2025-08-15T04:20:10.663+0000] {dag.py:2585} INFO - Sync 1 DAGs
[2025-08-15T04:20:10.694+0000] {logging_mixin.py:120} INFO - [2025-08-15T04:20:10.694+0000] {dag.py:3340} INFO - Setting next_dagrun for weather_pipeline to 2025-08-15T03:00:00+00:00, run_after=2025-08-15T06:00:00+00:00
[2025-08-15T04:20:10.717+0000] {processor.py:176} INFO - Processing /opt/airflow/dags/Weather_Pipeline.py took 0.992 seconds
[2025-08-15T04:20:40.930+0000] {processor.py:154} INFO - Started process (PID=446) to work on /opt/airflow/dags/Weather_Pipeline.py
[2025-08-15T04:20:40.931+0000] {processor.py:756} INFO - Processing file /opt/airflow/dags/Weather_Pipeline.py for tasks to queue
[2025-08-15T04:20:40.932+0000] {logging_mixin.py:120} INFO - [2025-08-15T04:20:40.932+0000] {dagbag.py:537} INFO - Filling up the DagBag from /opt/airflow/dags/Weather_Pipeline.py
[2025-08-15T04:20:41.332+0000] {processor.py:766} INFO - DAG(s) dict_keys(['weather_pipeline']) retrieved from /opt/airflow/dags/Weather_Pipeline.py
[2025-08-15T04:20:41.374+0000] {logging_mixin.py:120} INFO - [2025-08-15T04:20:41.373+0000] {dag.py:2585} INFO - Sync 1 DAGs
[2025-08-15T04:20:41.419+0000] {logging_mixin.py:120} INFO - [2025-08-15T04:20:41.419+0000] {dag.py:3340} INFO - Setting next_dagrun for weather_pipeline to 2025-08-15T03:00:00+00:00, run_after=2025-08-15T06:00:00+00:00
[2025-08-15T04:20:41.446+0000] {processor.py:176} INFO - Processing /opt/airflow/dags/Weather_Pipeline.py took 0.519 seconds
[2025-08-15T04:21:11.665+0000] {processor.py:154} INFO - Started process (PID=475) to work on /opt/airflow/dags/Weather_Pipeline.py
[2025-08-15T04:21:11.666+0000] {processor.py:756} INFO - Processing file /opt/airflow/dags/Weather_Pipeline.py for tasks to queue
[2025-08-15T04:21:11.667+0000] {logging_mixin.py:120} INFO - [2025-08-15T04:21:11.667+0000] {dagbag.py:537} INFO - Filling up the DagBag from /opt/airflow/dags/Weather_Pipeline.py
[2025-08-15T04:21:12.278+0000] {processor.py:766} INFO - DAG(s) dict_keys(['weather_pipeline']) retrieved from /opt/airflow/dags/Weather_Pipeline.py
[2025-08-15T04:21:12.331+0000] {logging_mixin.py:120} INFO - [2025-08-15T04:21:12.330+0000] {dag.py:2585} INFO - Sync 1 DAGs
[2025-08-15T04:21:12.367+0000] {logging_mixin.py:120} INFO - [2025-08-15T04:21:12.367+0000] {dag.py:3340} INFO - Setting next_dagrun for weather_pipeline to 2025-08-15T03:00:00+00:00, run_after=2025-08-15T06:00:00+00:00
[2025-08-15T04:21:12.388+0000] {processor.py:176} INFO - Processing /opt/airflow/dags/Weather_Pipeline.py took 0.726 seconds
[2025-08-15T04:21:42.621+0000] {processor.py:154} INFO - Started process (PID=504) to work on /opt/airflow/dags/Weather_Pipeline.py
[2025-08-15T04:21:42.623+0000] {processor.py:756} INFO - Processing file /opt/airflow/dags/Weather_Pipeline.py for tasks to queue
[2025-08-15T04:21:42.625+0000] {logging_mixin.py:120} INFO - [2025-08-15T04:21:42.625+0000] {dagbag.py:537} INFO - Filling up the DagBag from /opt/airflow/dags/Weather_Pipeline.py
[2025-08-15T04:21:43.304+0000] {processor.py:766} INFO - DAG(s) dict_keys(['weather_pipeline']) retrieved from /opt/airflow/dags/Weather_Pipeline.py
[2025-08-15T04:21:43.358+0000] {logging_mixin.py:120} INFO - [2025-08-15T04:21:43.357+0000] {dag.py:2585} INFO - Sync 1 DAGs
[2025-08-15T04:21:43.401+0000] {logging_mixin.py:120} INFO - [2025-08-15T04:21:43.401+0000] {dag.py:3340} INFO - Setting next_dagrun for weather_pipeline to 2025-08-15T03:00:00+00:00, run_after=2025-08-15T06:00:00+00:00
[2025-08-15T04:21:43.426+0000] {processor.py:176} INFO - Processing /opt/airflow/dags/Weather_Pipeline.py took 0.812 seconds
[2025-08-15T04:22:13.531+0000] {processor.py:154} INFO - Started process (PID=533) to work on /opt/airflow/dags/Weather_Pipeline.py
[2025-08-15T04:22:13.534+0000] {processor.py:756} INFO - Processing file /opt/airflow/dags/Weather_Pipeline.py for tasks to queue
[2025-08-15T04:22:13.536+0000] {logging_mixin.py:120} INFO - [2025-08-15T04:22:13.536+0000] {dagbag.py:537} INFO - Filling up the DagBag from /opt/airflow/dags/Weather_Pipeline.py
[2025-08-15T04:22:14.464+0000] {processor.py:766} INFO - DAG(s) dict_keys(['weather_pipeline']) retrieved from /opt/airflow/dags/Weather_Pipeline.py
[2025-08-15T04:22:14.527+0000] {logging_mixin.py:120} INFO - [2025-08-15T04:22:14.527+0000] {dag.py:2585} INFO - Sync 1 DAGs
[2025-08-15T04:22:14.552+0000] {logging_mixin.py:120} INFO - [2025-08-15T04:22:14.551+0000] {dag.py:3340} INFO - Setting next_dagrun for weather_pipeline to 2025-08-15T03:00:00+00:00, run_after=2025-08-15T06:00:00+00:00
[2025-08-15T04:22:14.602+0000] {processor.py:176} INFO - Processing /opt/airflow/dags/Weather_Pipeline.py took 1.076 seconds
[2025-08-15T04:22:44.758+0000] {processor.py:154} INFO - Started process (PID=553) to work on /opt/airflow/dags/Weather_Pipeline.py
[2025-08-15T04:22:44.760+0000] {processor.py:756} INFO - Processing file /opt/airflow/dags/Weather_Pipeline.py for tasks to queue
[2025-08-15T04:22:44.762+0000] {logging_mixin.py:120} INFO - [2025-08-15T04:22:44.761+0000] {dagbag.py:537} INFO - Filling up the DagBag from /opt/airflow/dags/Weather_Pipeline.py
[2025-08-15T04:22:45.235+0000] {processor.py:766} INFO - DAG(s) dict_keys(['weather_pipeline']) retrieved from /opt/airflow/dags/Weather_Pipeline.py
[2025-08-15T04:22:45.267+0000] {logging_mixin.py:120} INFO - [2025-08-15T04:22:45.266+0000] {dag.py:2585} INFO - Sync 1 DAGs
[2025-08-15T04:22:45.295+0000] {logging_mixin.py:120} INFO - [2025-08-15T04:22:45.295+0000] {dag.py:3340} INFO - Setting next_dagrun for weather_pipeline to 2025-08-15T03:00:00+00:00, run_after=2025-08-15T06:00:00+00:00
[2025-08-15T04:22:45.319+0000] {processor.py:176} INFO - Processing /opt/airflow/dags/Weather_Pipeline.py took 0.566 seconds
[2025-08-15T04:23:15.571+0000] {processor.py:154} INFO - Started process (PID=582) to work on /opt/airflow/dags/Weather_Pipeline.py
[2025-08-15T04:23:15.572+0000] {processor.py:756} INFO - Processing file /opt/airflow/dags/Weather_Pipeline.py for tasks to queue
[2025-08-15T04:23:15.573+0000] {logging_mixin.py:120} INFO - [2025-08-15T04:23:15.573+0000] {dagbag.py:537} INFO - Filling up the DagBag from /opt/airflow/dags/Weather_Pipeline.py
[2025-08-15T04:23:16.073+0000] {processor.py:766} INFO - DAG(s) dict_keys(['weather_pipeline']) retrieved from /opt/airflow/dags/Weather_Pipeline.py
[2025-08-15T04:23:16.110+0000] {logging_mixin.py:120} INFO - [2025-08-15T04:23:16.110+0000] {dag.py:2585} INFO - Sync 1 DAGs
[2025-08-15T04:23:16.134+0000] {logging_mixin.py:120} INFO - [2025-08-15T04:23:16.134+0000] {dag.py:3340} INFO - Setting next_dagrun for weather_pipeline to 2025-08-15T03:00:00+00:00, run_after=2025-08-15T06:00:00+00:00
[2025-08-15T04:23:16.156+0000] {processor.py:176} INFO - Processing /opt/airflow/dags/Weather_Pipeline.py took 0.588 seconds
[2025-08-15T04:23:46.372+0000] {processor.py:154} INFO - Started process (PID=611) to work on /opt/airflow/dags/Weather_Pipeline.py
[2025-08-15T04:23:46.373+0000] {processor.py:756} INFO - Processing file /opt/airflow/dags/Weather_Pipeline.py for tasks to queue
[2025-08-15T04:23:46.374+0000] {logging_mixin.py:120} INFO - [2025-08-15T04:23:46.374+0000] {dagbag.py:537} INFO - Filling up the DagBag from /opt/airflow/dags/Weather_Pipeline.py
[2025-08-15T04:23:46.867+0000] {processor.py:766} INFO - DAG(s) dict_keys(['weather_pipeline']) retrieved from /opt/airflow/dags/Weather_Pipeline.py
[2025-08-15T04:23:46.929+0000] {logging_mixin.py:120} INFO - [2025-08-15T04:23:46.928+0000] {dag.py:2585} INFO - Sync 1 DAGs
[2025-08-15T04:23:46.966+0000] {logging_mixin.py:120} INFO - [2025-08-15T04:23:46.966+0000] {dag.py:3340} INFO - Setting next_dagrun for weather_pipeline to 2025-08-15T03:00:00+00:00, run_after=2025-08-15T06:00:00+00:00
[2025-08-15T04:23:46.989+0000] {processor.py:176} INFO - Processing /opt/airflow/dags/Weather_Pipeline.py took 0.621 seconds
[2025-08-15T04:24:17.194+0000] {processor.py:154} INFO - Started process (PID=631) to work on /opt/airflow/dags/Weather_Pipeline.py
[2025-08-15T04:24:17.195+0000] {processor.py:756} INFO - Processing file /opt/airflow/dags/Weather_Pipeline.py for tasks to queue
[2025-08-15T04:24:17.196+0000] {logging_mixin.py:120} INFO - [2025-08-15T04:24:17.196+0000] {dagbag.py:537} INFO - Filling up the DagBag from /opt/airflow/dags/Weather_Pipeline.py
[2025-08-15T04:24:17.616+0000] {processor.py:766} INFO - DAG(s) dict_keys(['weather_pipeline']) retrieved from /opt/airflow/dags/Weather_Pipeline.py
[2025-08-15T04:24:17.648+0000] {logging_mixin.py:120} INFO - [2025-08-15T04:24:17.648+0000] {dag.py:2585} INFO - Sync 1 DAGs
[2025-08-15T04:24:17.673+0000] {logging_mixin.py:120} INFO - [2025-08-15T04:24:17.673+0000] {dag.py:3340} INFO - Setting next_dagrun for weather_pipeline to 2025-08-15T03:00:00+00:00, run_after=2025-08-15T06:00:00+00:00
[2025-08-15T04:24:17.694+0000] {processor.py:176} INFO - Processing /opt/airflow/dags/Weather_Pipeline.py took 0.503 seconds
[2025-08-15T04:24:47.730+0000] {processor.py:154} INFO - Started process (PID=660) to work on /opt/airflow/dags/Weather_Pipeline.py
[2025-08-15T04:24:47.731+0000] {processor.py:756} INFO - Processing file /opt/airflow/dags/Weather_Pipeline.py for tasks to queue
[2025-08-15T04:24:47.731+0000] {logging_mixin.py:120} INFO - [2025-08-15T04:24:47.731+0000] {dagbag.py:537} INFO - Filling up the DagBag from /opt/airflow/dags/Weather_Pipeline.py
[2025-08-15T04:24:48.332+0000] {processor.py:766} INFO - DAG(s) dict_keys(['weather_pipeline']) retrieved from /opt/airflow/dags/Weather_Pipeline.py
[2025-08-15T04:24:48.368+0000] {logging_mixin.py:120} INFO - [2025-08-15T04:24:48.367+0000] {dag.py:2585} INFO - Sync 1 DAGs
[2025-08-15T04:24:48.398+0000] {logging_mixin.py:120} INFO - [2025-08-15T04:24:48.398+0000] {dag.py:3340} INFO - Setting next_dagrun for weather_pipeline to 2025-08-15T03:00:00+00:00, run_after=2025-08-15T06:00:00+00:00
[2025-08-15T04:24:48.429+0000] {processor.py:176} INFO - Processing /opt/airflow/dags/Weather_Pipeline.py took 0.703 seconds
[2025-08-15T04:25:18.647+0000] {processor.py:154} INFO - Started process (PID=690) to work on /opt/airflow/dags/Weather_Pipeline.py
[2025-08-15T04:25:18.648+0000] {processor.py:756} INFO - Processing file /opt/airflow/dags/Weather_Pipeline.py for tasks to queue
[2025-08-15T04:25:18.648+0000] {logging_mixin.py:120} INFO - [2025-08-15T04:25:18.648+0000] {dagbag.py:537} INFO - Filling up the DagBag from /opt/airflow/dags/Weather_Pipeline.py
[2025-08-15T04:25:19.281+0000] {processor.py:766} INFO - DAG(s) dict_keys(['weather_pipeline']) retrieved from /opt/airflow/dags/Weather_Pipeline.py
[2025-08-15T04:25:19.334+0000] {logging_mixin.py:120} INFO - [2025-08-15T04:25:19.333+0000] {dag.py:2585} INFO - Sync 1 DAGs
[2025-08-15T04:25:19.382+0000] {logging_mixin.py:120} INFO - [2025-08-15T04:25:19.382+0000] {dag.py:3340} INFO - Setting next_dagrun for weather_pipeline to 2025-08-15T03:00:00+00:00, run_after=2025-08-15T06:00:00+00:00
[2025-08-15T04:25:19.410+0000] {processor.py:176} INFO - Processing /opt/airflow/dags/Weather_Pipeline.py took 0.766 seconds
[2025-08-15T04:25:49.595+0000] {processor.py:154} INFO - Started process (PID=719) to work on /opt/airflow/dags/Weather_Pipeline.py
[2025-08-15T04:25:49.596+0000] {processor.py:756} INFO - Processing file /opt/airflow/dags/Weather_Pipeline.py for tasks to queue
[2025-08-15T04:25:49.597+0000] {logging_mixin.py:120} INFO - [2025-08-15T04:25:49.597+0000] {dagbag.py:537} INFO - Filling up the DagBag from /opt/airflow/dags/Weather_Pipeline.py
[2025-08-15T04:25:50.087+0000] {processor.py:766} INFO - DAG(s) dict_keys(['weather_pipeline']) retrieved from /opt/airflow/dags/Weather_Pipeline.py
[2025-08-15T04:25:50.144+0000] {logging_mixin.py:120} INFO - [2025-08-15T04:25:50.143+0000] {dag.py:2585} INFO - Sync 1 DAGs
[2025-08-15T04:25:50.168+0000] {logging_mixin.py:120} INFO - [2025-08-15T04:25:50.168+0000] {dag.py:3340} INFO - Setting next_dagrun for weather_pipeline to 2025-08-15T03:00:00+00:00, run_after=2025-08-15T06:00:00+00:00
[2025-08-15T04:25:50.186+0000] {processor.py:176} INFO - Processing /opt/airflow/dags/Weather_Pipeline.py took 0.595 seconds
[2025-08-15T04:26:20.427+0000] {processor.py:154} INFO - Started process (PID=739) to work on /opt/airflow/dags/Weather_Pipeline.py
[2025-08-15T04:26:20.429+0000] {processor.py:756} INFO - Processing file /opt/airflow/dags/Weather_Pipeline.py for tasks to queue
[2025-08-15T04:26:20.429+0000] {logging_mixin.py:120} INFO - [2025-08-15T04:26:20.429+0000] {dagbag.py:537} INFO - Filling up the DagBag from /opt/airflow/dags/Weather_Pipeline.py
[2025-08-15T04:26:20.932+0000] {processor.py:766} INFO - DAG(s) dict_keys(['weather_pipeline']) retrieved from /opt/airflow/dags/Weather_Pipeline.py
[2025-08-15T04:26:20.985+0000] {logging_mixin.py:120} INFO - [2025-08-15T04:26:20.984+0000] {dag.py:2585} INFO - Sync 1 DAGs
[2025-08-15T04:26:21.015+0000] {logging_mixin.py:120} INFO - [2025-08-15T04:26:21.015+0000] {dag.py:3340} INFO - Setting next_dagrun for weather_pipeline to 2025-08-15T03:00:00+00:00, run_after=2025-08-15T06:00:00+00:00
[2025-08-15T04:26:21.032+0000] {processor.py:176} INFO - Processing /opt/airflow/dags/Weather_Pipeline.py took 0.615 seconds
[2025-08-15T04:26:51.237+0000] {processor.py:154} INFO - Started process (PID=768) to work on /opt/airflow/dags/Weather_Pipeline.py
[2025-08-15T04:26:51.238+0000] {processor.py:756} INFO - Processing file /opt/airflow/dags/Weather_Pipeline.py for tasks to queue
[2025-08-15T04:26:51.240+0000] {logging_mixin.py:120} INFO - [2025-08-15T04:26:51.240+0000] {dagbag.py:537} INFO - Filling up the DagBag from /opt/airflow/dags/Weather_Pipeline.py
[2025-08-15T04:26:51.910+0000] {processor.py:766} INFO - DAG(s) dict_keys(['weather_pipeline']) retrieved from /opt/airflow/dags/Weather_Pipeline.py
[2025-08-15T04:26:51.992+0000] {logging_mixin.py:120} INFO - [2025-08-15T04:26:51.991+0000] {dag.py:2585} INFO - Sync 1 DAGs
[2025-08-15T04:26:52.033+0000] {logging_mixin.py:120} INFO - [2025-08-15T04:26:52.033+0000] {dag.py:3340} INFO - Setting next_dagrun for weather_pipeline to 2025-08-15T03:00:00+00:00, run_after=2025-08-15T06:00:00+00:00
[2025-08-15T04:26:52.057+0000] {processor.py:176} INFO - Processing /opt/airflow/dags/Weather_Pipeline.py took 0.822 seconds
[2025-08-15T04:27:22.213+0000] {processor.py:154} INFO - Started process (PID=797) to work on /opt/airflow/dags/Weather_Pipeline.py
[2025-08-15T04:27:22.214+0000] {processor.py:756} INFO - Processing file /opt/airflow/dags/Weather_Pipeline.py for tasks to queue
[2025-08-15T04:27:22.215+0000] {logging_mixin.py:120} INFO - [2025-08-15T04:27:22.215+0000] {dagbag.py:537} INFO - Filling up the DagBag from /opt/airflow/dags/Weather_Pipeline.py
[2025-08-15T04:27:22.868+0000] {processor.py:766} INFO - DAG(s) dict_keys(['weather_pipeline']) retrieved from /opt/airflow/dags/Weather_Pipeline.py
[2025-08-15T04:27:22.926+0000] {logging_mixin.py:120} INFO - [2025-08-15T04:27:22.925+0000] {dag.py:2585} INFO - Sync 1 DAGs
[2025-08-15T04:27:22.971+0000] {logging_mixin.py:120} INFO - [2025-08-15T04:27:22.971+0000] {dag.py:3340} INFO - Setting next_dagrun for weather_pipeline to 2025-08-15T03:00:00+00:00, run_after=2025-08-15T06:00:00+00:00
[2025-08-15T04:27:23.018+0000] {processor.py:176} INFO - Processing /opt/airflow/dags/Weather_Pipeline.py took 0.809 seconds
[2025-08-15T04:27:53.268+0000] {processor.py:154} INFO - Started process (PID=827) to work on /opt/airflow/dags/Weather_Pipeline.py
[2025-08-15T04:27:53.270+0000] {processor.py:756} INFO - Processing file /opt/airflow/dags/Weather_Pipeline.py for tasks to queue
[2025-08-15T04:27:53.271+0000] {logging_mixin.py:120} INFO - [2025-08-15T04:27:53.271+0000] {dagbag.py:537} INFO - Filling up the DagBag from /opt/airflow/dags/Weather_Pipeline.py
[2025-08-15T04:27:54.223+0000] {processor.py:766} INFO - DAG(s) dict_keys(['weather_pipeline']) retrieved from /opt/airflow/dags/Weather_Pipeline.py
[2025-08-15T04:27:54.257+0000] {logging_mixin.py:120} INFO - [2025-08-15T04:27:54.257+0000] {dag.py:2585} INFO - Sync 1 DAGs
[2025-08-15T04:27:54.286+0000] {logging_mixin.py:120} INFO - [2025-08-15T04:27:54.285+0000] {dag.py:3340} INFO - Setting next_dagrun for weather_pipeline to 2025-08-15T03:00:00+00:00, run_after=2025-08-15T06:00:00+00:00
[2025-08-15T04:27:54.306+0000] {processor.py:176} INFO - Processing /opt/airflow/dags/Weather_Pipeline.py took 1.044 seconds
[2025-08-15T04:28:24.482+0000] {processor.py:154} INFO - Started process (PID=847) to work on /opt/airflow/dags/Weather_Pipeline.py
[2025-08-15T04:28:24.483+0000] {processor.py:756} INFO - Processing file /opt/airflow/dags/Weather_Pipeline.py for tasks to queue
[2025-08-15T04:28:24.484+0000] {logging_mixin.py:120} INFO - [2025-08-15T04:28:24.484+0000] {dagbag.py:537} INFO - Filling up the DagBag from /opt/airflow/dags/Weather_Pipeline.py
[2025-08-15T04:28:25.071+0000] {processor.py:766} INFO - DAG(s) dict_keys(['weather_pipeline']) retrieved from /opt/airflow/dags/Weather_Pipeline.py
[2025-08-15T04:28:25.123+0000] {logging_mixin.py:120} INFO - [2025-08-15T04:28:25.122+0000] {dag.py:2585} INFO - Sync 1 DAGs
[2025-08-15T04:28:25.148+0000] {logging_mixin.py:120} INFO - [2025-08-15T04:28:25.148+0000] {dag.py:3340} INFO - Setting next_dagrun for weather_pipeline to 2025-08-15T03:00:00+00:00, run_after=2025-08-15T06:00:00+00:00
[2025-08-15T04:28:25.170+0000] {processor.py:176} INFO - Processing /opt/airflow/dags/Weather_Pipeline.py took 0.691 seconds
