[2025-08-16T08:22:24.509+0000] {taskinstance.py:1165} INFO - Dependencies all met for <TaskInstance: weather_pipeline.fetch_weather scheduled__2025-08-16T03:00:00+00:00 [queued]>
[2025-08-16T08:22:24.537+0000] {taskinstance.py:1165} INFO - Dependencies all met for <TaskInstance: weather_pipeline.fetch_weather scheduled__2025-08-16T03:00:00+00:00 [queued]>
[2025-08-16T08:22:24.538+0000] {taskinstance.py:1362} INFO - 
--------------------------------------------------------------------------------
[2025-08-16T08:22:24.539+0000] {taskinstance.py:1363} INFO - Starting attempt 1 of 3
[2025-08-16T08:22:24.539+0000] {taskinstance.py:1364} INFO - 
--------------------------------------------------------------------------------
[2025-08-16T08:22:24.578+0000] {taskinstance.py:1383} INFO - Executing <Task(PythonOperator): fetch_weather> on 2025-08-16 03:00:00+00:00
[2025-08-16T08:22:24.590+0000] {standard_task_runner.py:55} INFO - Started process 96 to run task
[2025-08-16T08:22:24.595+0000] {standard_task_runner.py:82} INFO - Running: ['***', 'tasks', 'run', 'weather_pipeline', 'fetch_weather', 'scheduled__2025-08-16T03:00:00+00:00', '--job-id', '14', '--raw', '--subdir', 'DAGS_FOLDER/Weather_Pipeline.py', '--cfg-path', '/tmp/tmpx4tpns2d']
[2025-08-16T08:22:24.598+0000] {standard_task_runner.py:83} INFO - Job 14: Subtask fetch_weather
[2025-08-16T08:22:24.675+0000] {task_command.py:376} INFO - Running <TaskInstance: weather_pipeline.fetch_weather scheduled__2025-08-16T03:00:00+00:00 [running]> on host c38442d886e0
[2025-08-16T08:22:24.759+0000] {taskinstance.py:1592} INFO - Exporting the following env vars:
AIRFLOW_CTX_DAG_OWNER=***
AIRFLOW_CTX_DAG_ID=weather_pipeline
AIRFLOW_CTX_TASK_ID=fetch_weather
AIRFLOW_CTX_EXECUTION_DATE=2025-08-16T03:00:00+00:00
AIRFLOW_CTX_TRY_NUMBER=1
AIRFLOW_CTX_DAG_RUN_ID=scheduled__2025-08-16T03:00:00+00:00
[2025-08-16T08:22:24.964+0000] {taskinstance.py:1851} ERROR - Task failed with exception
Traceback (most recent call last):
  File "/home/airflow/.local/lib/python3.7/site-packages/airflow/operators/python.py", line 175, in execute
    return_value = self.execute_callable()
  File "/home/airflow/.local/lib/python3.7/site-packages/airflow/operators/python.py", line 193, in execute_callable
    return self.python_callable(*self.op_args, **self.op_kwargs)
  File "/opt/airflow/dags/Weather_Pipeline.py", line 33, in fetch_weather_data
    response.raise_for_status()
  File "/home/airflow/.local/lib/python3.7/site-packages/requests/models.py", line 1021, in raise_for_status
    raise HTTPError(http_error_msg, response=self)
requests.exceptions.HTTPError: 401 Client Error: Unauthorized for url: http://api.openweathermap.org/data/2.5/weather?q=None&appid=None&units=metric
[2025-08-16T08:22:24.985+0000] {taskinstance.py:1406} INFO - Marking task as UP_FOR_RETRY. dag_id=weather_pipeline, task_id=fetch_weather, execution_date=20250816T030000, start_date=20250816T082224, end_date=20250816T082224
[2025-08-16T08:22:25.006+0000] {standard_task_runner.py:105} ERROR - Failed to execute job 14 for task fetch_weather (401 Client Error: Unauthorized for url: http://api.openweathermap.org/data/2.5/weather?q=None&appid=None&units=metric; 96)
[2025-08-16T08:22:25.048+0000] {local_task_job.py:164} INFO - Task exited with return code 1
[2025-08-16T08:22:25.084+0000] {local_task_job.py:273} INFO - 0 downstream tasks scheduled from follow-on schedule check
